<?xml version="1.0" encoding="UTF-8"?>
<!-- Generated by org.testng.reporters.JUnitReportReporter -->
<testsuite skipped="0" hostname="ATLANTISPC-143" name="rough.rg2" tests="3" failures="0" timestamp="29 Apr 2019 10:51:15 GMT" time="0.003" errors="0">
  <testcase name="t5" time="0.001" classname="rough.rg2"/>
  <testcase name="t4" time="0.001" classname="rough.rg2"/>
  <testcase name="t6" time="0.001" classname="rough.rg2"/>
</testsuite> <!-- rough.rg2 -->
