<?xml version="1.0" encoding="UTF-8"?>
<!-- Generated by org.testng.reporters.JUnitReportReporter -->
<testsuite skipped="0" hostname="ATLANTISPC-143" name="com.ecw.cases.Login" tests="3" failures="0" timestamp="30 Apr 2019 09:52:56 GMT" time="33.836" errors="0">
  <testcase name="setPin" time="8.639" classname="com.ecw.cases.Login"/>
  <testcase name="loginToApp" time="11.365" classname="com.ecw.cases.Login"/>
  <testcase name="getStart" time="13.832" classname="com.ecw.cases.Login"/>
</testsuite> <!-- com.ecw.cases.Login -->
