<?xml version="1.0" encoding="UTF-8"?>
<!-- Generated by org.testng.reporters.JUnitReportReporter -->
<testsuite skipped="0" hostname="ATLANTISPC-143" name="rough.rg" tests="3" failures="0" timestamp="29 Apr 2019 10:51:15 GMT" time="0.008" errors="0">
  <testcase name="t3" time="0.001" classname="rough.rg"/>
  <testcase name="t2" time="0.000" classname="rough.rg"/>
  <testcase name="t1" time="0.007" classname="rough.rg"/>
</testsuite> <!-- rough.rg -->
