<?xml version="1.0" encoding="UTF-8"?>
<!-- Generated by org.testng.reporters.JUnitReportReporter -->
<testsuite skipped="0" hostname="ATLANTISPC-143" name="com.ecw.pages.LoginPage" tests="2" failures="0" timestamp="29 Apr 2019 08:40:14 GMT" time="16.628" errors="0">
  <testcase name="getStart" time="14.164" classname="com.ecw.pages.LoginPage"/>
  <testcase name="loginToApp" time="2.464" classname="com.ecw.pages.LoginPage"/>
</testsuite> <!-- com.ecw.pages.LoginPage -->
